2017-10-13 16:30:15,521 [Worker-6] INFO  o.e.m.c.i.p.ProjectConfigurationManager - Collecting project info '/pom.xml' D:\eclipse\workspace\maven.1507883402779\pom.xml
2017-10-13 16:30:16,641 [Worker-6] INFO  o.e.m.c.i.l.LifecycleMappingFactory - Using org.maven.ide.eclipse.wtp.WarLifecycleMapping lifecycle mapping for MavenProject: cn.com.liandisys.gct:gct:0.0.1-SNAPSHOT @ D:\eclipse\workspace\gct\pom.xml.
2017-10-13 16:30:19,065 [Worker-6] INFO  o.e.m.j.i.AbstractJavaProjectConfigurator - Adding source folder /gct/src/main/java
2017-10-13 16:30:19,065 [Worker-6] INFO  o.e.m.j.i.AbstractJavaProjectConfigurator - Adding resource folder /gct/src/main/resources
2017-10-13 16:30:19,077 [Worker-6] INFO  o.e.m.j.i.AbstractJavaProjectConfigurator - Adding source folder /gct/src/test/java
2017-10-13 16:30:19,077 [Worker-6] INFO  o.e.m.j.i.AbstractJavaProjectConfigurator - Adding resource folder /gct/src/test/resources
2017-10-13 16:30:19,337 [Worker-4] INFO  o.e.m.c.i.l.LifecycleMappingFactory - Using org.maven.ide.eclipse.wtp.WarLifecycleMapping lifecycle mapping for MavenProject: cn.com.liandisys.gct:gct:0.0.1-SNAPSHOT @ D:\eclipse\workspace\gct\pom.xml.
2017-10-13 16:30:21,471 [Worker-6] INFO  o.e.m.c.i.p.ProjectConfigurationManager - Imported and configured 1 project(s) in 5 sec
2017-10-13 16:30:33,293 [Worker-0] INFO  o.e.m.c.i.l.LifecycleMappingFactory - Using org.maven.ide.eclipse.wtp.WarLifecycleMapping lifecycle mapping for MavenProject: cn.com.liandisys.gct:gct:0.0.1-SNAPSHOT @ D:\eclipse\workspace\gct\pom.xml.
2017-10-13 16:30:34,747 [Worker-0] WARN  o.e.m.c.i.embedder.EclipseLogger - Using platform encoding (GBK actually) to copy filtered resources, i.e. build is platform dependent!
2017-10-13 16:30:34,756 [Worker-0] INFO  o.e.m.c.i.embedder.EclipseLogger - Copying 7 resources
2017-10-13 16:30:34,781 [Worker-0] WARN  o.e.m.c.i.embedder.EclipseLogger - Using platform encoding (GBK actually) to copy filtered resources, i.e. build is platform dependent!
2017-10-13 16:30:34,787 [Worker-0] INFO  o.e.m.c.i.embedder.EclipseLogger - Copying 10 resources
2017-10-13 16:31:39,183 [Worker-0] INFO  o.e.m.c.i.l.LifecycleMappingFactory - Using org.maven.ide.eclipse.wtp.WarLifecycleMapping lifecycle mapping for MavenProject: cn.com.liandisys.gct:gct:0.0.1-SNAPSHOT @ D:\eclipse\workspace\gct\pom.xml.
2017-10-13 16:31:39,301 [Worker-0] INFO  o.e.m.c.i.e.AbstractTransferListenerAdapter - Downloading http://172.16.4.110:8081/nexus/content/groups/public/cn/com/liandisys/idev-utils/2.1.1-SNAPSHOT/maven-metadata.xml
2017-10-13 16:31:39,349 [Worker-0] INFO  o.e.m.c.i.e.AbstractTransferListenerAdapter - Downloaded http://172.16.4.110:8081/nexus/content/groups/public/cn/com/liandisys/idev-utils/2.1.1-SNAPSHOT/maven-metadata.xml
2017-10-13 16:31:39,408 [Worker-0] INFO  o.e.m.c.i.e.AbstractTransferListenerAdapter - Downloading http://172.16.4.110:8081/nexus/content/groups/public/cn/com/liandisys/idev-project/2.1.1-SNAPSHOT/maven-metadata.xml
2017-10-13 16:31:39,454 [Worker-0] INFO  o.e.m.c.i.e.AbstractTransferListenerAdapter - Downloaded http://172.16.4.110:8081/nexus/content/groups/public/cn/com/liandisys/idev-project/2.1.1-SNAPSHOT/maven-metadata.xml
2017-10-13 16:31:39,518 [Worker-0] INFO  o.e.m.c.i.e.AbstractTransferListenerAdapter - Downloading http://172.16.4.110:8081/nexus/content/groups/public/cn/com/liandisys/idev-core/2.1.1-SNAPSHOT/maven-metadata.xml
2017-10-13 16:31:39,561 [Worker-0] INFO  o.e.m.c.i.e.AbstractTransferListenerAdapter - Downloaded http://172.16.4.110:8081/nexus/content/groups/public/cn/com/liandisys/idev-core/2.1.1-SNAPSHOT/maven-metadata.xml
2017-10-13 16:31:39,841 [Worker-0] INFO  o.e.m.c.i.e.AbstractTransferListenerAdapter - Downloading http://172.16.4.110:8081/nexus/content/groups/public/cn/com/liandisys/idev-security/2.1.1-SNAPSHOT/maven-metadata.xml
2017-10-13 16:31:39,885 [Worker-0] INFO  o.e.m.c.i.e.AbstractTransferListenerAdapter - Downloaded http://172.16.4.110:8081/nexus/content/groups/public/cn/com/liandisys/idev-security/2.1.1-SNAPSHOT/maven-metadata.xml
2017-10-13 16:31:39,954 [Worker-0] INFO  o.e.m.c.i.e.AbstractTransferListenerAdapter - Downloading http://172.16.4.110:8081/nexus/content/groups/public/cn/com/liandisys/idev-rest-client/2.1.1-SNAPSHOT/maven-metadata.xml
2017-10-13 16:31:40,002 [Worker-0] INFO  o.e.m.c.i.e.AbstractTransferListenerAdapter - Downloaded http://172.16.4.110:8081/nexus/content/groups/public/cn/com/liandisys/idev-rest-client/2.1.1-SNAPSHOT/maven-metadata.xml
2017-10-13 16:31:40,125 [Worker-0] INFO  o.e.m.c.i.e.AbstractTransferListenerAdapter - Downloading http://172.16.4.110:8081/nexus/content/groups/public/cn/com/liandisys/idev-formdefine/2.1.1-SNAPSHOT/maven-metadata.xml
2017-10-13 16:31:40,175 [Worker-0] INFO  o.e.m.c.i.e.AbstractTransferListenerAdapter - Downloaded http://172.16.4.110:8081/nexus/content/groups/public/cn/com/liandisys/idev-formdefine/2.1.1-SNAPSHOT/maven-metadata.xml
2017-10-13 16:31:41,847 [Worker-3] WARN  o.e.m.c.i.embedder.EclipseLogger - Using platform encoding (GBK actually) to copy filtered resources, i.e. build is platform dependent!
2017-10-13 16:31:41,872 [Worker-3] INFO  o.e.m.c.i.embedder.EclipseLogger - Copying 0 resource
2017-10-13 16:31:41,873 [Worker-3] WARN  o.e.m.c.i.embedder.EclipseLogger - Using platform encoding (GBK actually) to copy filtered resources, i.e. build is platform dependent!
2017-10-13 16:31:41,878 [Worker-3] INFO  o.e.m.c.i.embedder.EclipseLogger - Copying 0 resource
2017-10-13 16:32:22,899 [Worker-6] WARN  o.e.m.c.i.embedder.EclipseLogger - Using platform encoding (GBK actually) to copy filtered resources, i.e. build is platform dependent!
2017-10-13 16:32:22,909 [Worker-6] INFO  o.e.m.c.i.embedder.EclipseLogger - Copying 0 resource
2017-10-13 16:32:22,911 [Worker-6] WARN  o.e.m.c.i.embedder.EclipseLogger - Using platform encoding (GBK actually) to copy filtered resources, i.e. build is platform dependent!
2017-10-13 16:32:22,916 [Worker-6] INFO  o.e.m.c.i.embedder.EclipseLogger - Copying 0 resource
2017-10-13 16:32:31,783 [Worker-9] INFO  o.e.m.w.i.f.ResourceFilteringBuildParticipant - Cleaning filtered folder for gct
2017-10-13 16:32:36,031 [Worker-5] WARN  o.e.m.c.i.embedder.EclipseLogger - Using platform encoding (GBK actually) to copy filtered resources, i.e. build is platform dependent!
2017-10-13 16:32:36,036 [Worker-5] INFO  o.e.m.c.i.embedder.EclipseLogger - Copying 7 resources
2017-10-13 16:32:36,052 [Worker-5] WARN  o.e.m.c.i.embedder.EclipseLogger - Using platform encoding (GBK actually) to copy filtered resources, i.e. build is platform dependent!
2017-10-13 16:32:36,057 [Worker-5] INFO  o.e.m.c.i.embedder.EclipseLogger - Copying 10 resources
2017-10-13 16:33:02,822 [Worker-9] INFO  o.e.m.c.i.p.ProjectConfigurationManager - Update started
2017-10-13 16:33:03,027 [Worker-9] INFO  o.e.m.c.i.l.LifecycleMappingFactory - Using org.maven.ide.eclipse.wtp.WarLifecycleMapping lifecycle mapping for MavenProject: cn.com.liandisys.gct:gct:0.0.1-SNAPSHOT @ D:\eclipse\workspace\gct\pom.xml.
2017-10-13 16:33:04,331 [Worker-9] INFO  o.e.m.j.i.AbstractJavaProjectConfigurator - Adding source folder /gct/src/main/java
2017-10-13 16:33:04,331 [Worker-9] INFO  o.e.m.j.i.AbstractJavaProjectConfigurator - Adding resource folder /gct/src/main/resources
2017-10-13 16:33:04,332 [Worker-9] INFO  o.e.m.j.i.AbstractJavaProjectConfigurator - Adding source folder /gct/src/test/java
2017-10-13 16:33:04,332 [Worker-9] INFO  o.e.m.j.i.AbstractJavaProjectConfigurator - Adding resource folder /gct/src/test/resources
2017-10-13 16:33:05,105 [Worker-9] INFO  o.e.m.c.i.l.LifecycleMappingFactory - Using org.maven.ide.eclipse.wtp.WarLifecycleMapping lifecycle mapping for MavenProject: cn.com.liandisys.gct:gct:0.0.1-SNAPSHOT @ D:\eclipse\workspace\gct\pom.xml.
2017-10-13 16:33:06,080 [Worker-9] INFO  o.e.m.w.i.f.ResourceFilteringBuildParticipant - Cleaning filtered folder for gct
2017-10-13 16:33:06,085 [Worker-9] INFO  o.e.m.c.i.p.ProjectConfigurationManager - Update completed: 3 sec
2017-10-13 16:33:06,849 [Worker-5] INFO  o.e.m.c.i.l.LifecycleMappingFactory - Using org.maven.ide.eclipse.wtp.WarLifecycleMapping lifecycle mapping for MavenProject: cn.com.liandisys.gct:gct:0.0.1-SNAPSHOT @ D:\eclipse\workspace\gct\pom.xml.
2017-10-13 16:35:23,861 [Worker-8] INFO  o.e.m.i.launch.MavenLaunchDelegate - D:\eclipse\workspace\gct
2017-10-13 16:35:23,862 [Worker-8] INFO  o.e.m.i.launch.MavenLaunchDelegate -  mvn  -B -s C:\Users\shizm\.m2\settings.xml clean eclipse:eclipse jetty:run -Djetty.port=8080
2017-10-13 16:35:50,523 [Worker-10] INFO  o.e.m.c.i.l.LifecycleMappingFactory - Using org.maven.ide.eclipse.wtp.WarLifecycleMapping lifecycle mapping for MavenProject: cn.com.liandisys.gct:gct:0.0.1-SNAPSHOT @ D:\eclipse\workspace\gct\pom.xml.
2017-10-13 16:40:16,662 [Worker-13] WARN  o.e.m.c.i.embedder.EclipseLogger - Using platform encoding (GBK actually) to copy filtered resources, i.e. build is platform dependent!
2017-10-13 16:40:16,667 [Worker-13] INFO  o.e.m.c.i.embedder.EclipseLogger - Copying 7 resources
2017-10-13 16:40:16,669 [Worker-13] WARN  o.e.m.c.i.embedder.EclipseLogger - Using platform encoding (GBK actually) to copy filtered resources, i.e. build is platform dependent!
2017-10-13 16:40:16,694 [Worker-13] INFO  o.e.m.c.i.embedder.EclipseLogger - Copying 10 resources
2017-10-13 16:41:17,497 [Worker-17] INFO  o.e.m.i.launch.MavenLaunchDelegate - D:\eclipse\workspace\gct
2017-10-13 16:41:17,497 [Worker-17] INFO  o.e.m.i.launch.MavenLaunchDelegate -  mvn  -B -s C:\Users\shizm\.m2\settings.xml clean eclipse:eclipse jetty:run -Djetty.port=8080
2017-10-13 16:47:15,727 [Worker-23] INFO  o.e.m.c.i.p.ProjectConfigurationManager - Collecting project info '/pom.xml' D:\eclipse\workspace\maven.1507884417761\pom.xml
2017-10-13 16:47:16,010 [Worker-23] INFO  o.e.m.c.i.l.LifecycleMappingFactory - Using org.maven.ide.eclipse.wtp.WarLifecycleMapping lifecycle mapping for MavenProject: cn.com.liandisys.tgy:tgy:0.0.1-SNAPSHOT @ D:\eclipse\workspace\tgy\pom.xml.
2017-10-13 16:47:17,671 [Worker-23] INFO  o.e.m.j.i.AbstractJavaProjectConfigurator - Adding source folder /tgy/src/main/java
2017-10-13 16:47:17,671 [Worker-23] INFO  o.e.m.j.i.AbstractJavaProjectConfigurator - Adding resource folder /tgy/src/main/resources
2017-10-13 16:47:17,681 [Worker-23] INFO  o.e.m.j.i.AbstractJavaProjectConfigurator - Adding source folder /tgy/src/test/java
2017-10-13 16:47:17,681 [Worker-23] INFO  o.e.m.j.i.AbstractJavaProjectConfigurator - Adding resource folder /tgy/src/test/resources
2017-10-13 16:47:18,478 [Worker-19] INFO  o.e.m.c.i.l.LifecycleMappingFactory - Using org.maven.ide.eclipse.wtp.WarLifecycleMapping lifecycle mapping for MavenProject: cn.com.liandisys.tgy:tgy:0.0.1-SNAPSHOT @ D:\eclipse\workspace\tgy\pom.xml.
2017-10-13 16:47:18,858 [Worker-23] INFO  o.e.m.c.i.p.ProjectConfigurationManager - Imported and configured 1 project(s) in 3 sec
2017-10-13 16:47:21,741 [Worker-12] INFO  o.e.m.c.i.l.LifecycleMappingFactory - Using org.maven.ide.eclipse.wtp.WarLifecycleMapping lifecycle mapping for MavenProject: cn.com.liandisys.tgy:tgy:0.0.1-SNAPSHOT @ D:\eclipse\workspace\tgy\pom.xml.
2017-10-13 16:52:58,391 [Worker-28] INFO  o.e.m.c.i.p.ProjectConfigurationManager - Collecting project info '/pom.xml' D:\eclipse\workspace\maven.1507884737876\pom.xml
2017-10-13 16:52:58,840 [Worker-28] INFO  o.e.m.c.i.l.LifecycleMappingFactory - Using org.maven.ide.eclipse.wtp.WarLifecycleMapping lifecycle mapping for MavenProject: cn.com.liandisys:exam:0.0.1-SNAPSHOT @ D:\eclipse\workspace\exam\pom.xml.
2017-10-13 16:53:00,508 [Worker-28] INFO  o.e.m.j.i.AbstractJavaProjectConfigurator - Adding source folder /exam/src/main/java
2017-10-13 16:53:00,509 [Worker-28] INFO  o.e.m.j.i.AbstractJavaProjectConfigurator - Resources folder /exam/src/main/resources overlaps with sources folder /exam/src/main/resources
2017-10-13 16:53:00,509 [Worker-28] INFO  o.e.m.j.i.AbstractJavaProjectConfigurator - Resources folder /exam/src/main/java overlaps with sources folder /exam/src/main/java
2017-10-13 16:53:00,511 [Worker-28] INFO  o.e.m.j.i.AbstractJavaProjectConfigurator - Adding source folder /exam/src/test/java
2017-10-13 16:53:00,511 [Worker-28] INFO  o.e.m.j.i.AbstractJavaProjectConfigurator - Resources folder /exam/src/test/resources overlaps with sources folder /exam/src/test/resources
2017-10-13 16:53:01,162 [Worker-28] INFO  o.e.m.c.i.p.ProjectConfigurationManager - Imported and configured 1 project(s) in 2 sec
2017-10-13 16:53:01,739 [Worker-31] INFO  o.e.m.c.i.l.LifecycleMappingFactory - Using org.maven.ide.eclipse.wtp.WarLifecycleMapping lifecycle mapping for MavenProject: cn.com.liandisys:exam:0.0.1-SNAPSHOT @ D:\eclipse\workspace\exam\pom.xml.
2017-10-13 16:53:07,631 [Worker-38] INFO  o.e.m.c.i.l.LifecycleMappingFactory - Using org.maven.ide.eclipse.wtp.WarLifecycleMapping lifecycle mapping for MavenProject: cn.com.liandisys:exam:0.0.1-SNAPSHOT @ D:\eclipse\workspace\exam\pom.xml.
2017-10-13 16:53:46,430 [Worker-31] INFO  o.e.m.c.i.p.ProjectConfigurationManager - Collecting project info '/zhpt/pom.xml' D:\eclipse\workspace\maven.1507884805285\zhpt\pom.xml
2017-10-13 16:53:46,581 [Worker-34] INFO  o.e.m.c.i.l.LifecycleMappingFactory - Using org.maven.ide.eclipse.wtp.WarLifecycleMapping lifecycle mapping for MavenProject: cn.com.liandisys.zhpt:zhpt:0.0.1-SNAPSHOT @ D:\eclipse\workspace\maven.1507884805285\zhpt\pom.xml.
2017-10-13 16:53:48,658 [Worker-34] INFO  o.e.m.j.i.AbstractJavaProjectConfigurator - Adding source folder /zhpt/src/main/java
2017-10-13 16:53:48,658 [Worker-34] INFO  o.e.m.j.i.AbstractJavaProjectConfigurator - Adding resource folder /zhpt/src/main/resources
2017-10-13 16:53:48,666 [Worker-34] INFO  o.e.m.j.i.AbstractJavaProjectConfigurator - Adding source folder /zhpt/src/test/java
2017-10-13 16:53:48,666 [Worker-34] INFO  o.e.m.j.i.AbstractJavaProjectConfigurator - Adding resource folder /zhpt/src/test/resources
2017-10-13 16:53:49,176 [Worker-37] INFO  o.e.m.c.i.l.LifecycleMappingFactory - Using org.maven.ide.eclipse.wtp.WarLifecycleMapping lifecycle mapping for MavenProject: cn.com.liandisys.zhpt:zhpt:0.0.1-SNAPSHOT @ D:\eclipse\workspace\maven.1507884805285\zhpt\pom.xml.
2017-10-13 16:53:49,253 [Worker-34] INFO  o.e.m.c.i.p.ProjectConfigurationManager - Imported and configured 1 project(s) in 2 sec
2017-10-13 16:53:51,677 [Worker-31] INFO  o.e.m.c.i.l.LifecycleMappingFactory - Using org.maven.ide.eclipse.wtp.WarLifecycleMapping lifecycle mapping for MavenProject: cn.com.liandisys.zhpt:zhpt:0.0.1-SNAPSHOT @ D:\eclipse\workspace\maven.1507884805285\zhpt\pom.xml.
2017-10-13 16:55:05,277 [Worker-35] INFO  o.e.m.c.i.p.ProjectConfigurationManager - Collecting project info '/pwgz/pom.xml' D:\eclipse\workspace\maven.1507884891652\pwgz\pom.xml
2017-10-13 16:55:05,407 [Worker-34] INFO  o.e.m.c.i.l.LifecycleMappingFactory - Using org.maven.ide.eclipse.wtp.WarLifecycleMapping lifecycle mapping for MavenProject: cn.com.liandisys.pwgz:pwgz:0.0.1-SNAPSHOT @ D:\eclipse\workspace\maven.1507884891652\pwgz\pom.xml.
2017-10-13 16:55:06,565 [Worker-34] INFO  o.e.m.j.i.AbstractJavaProjectConfigurator - Adding source folder /pwgz/src/main/java
2017-10-13 16:55:06,566 [Worker-34] INFO  o.e.m.j.i.AbstractJavaProjectConfigurator - Adding resource folder /pwgz/src/main/resources
2017-10-13 16:55:06,574 [Worker-34] INFO  o.e.m.j.i.AbstractJavaProjectConfigurator - Adding source folder /pwgz/src/test/java
2017-10-13 16:55:06,574 [Worker-34] INFO  o.e.m.j.i.AbstractJavaProjectConfigurator - Adding resource folder /pwgz/src/test/resources
2017-10-13 16:55:07,205 [Worker-34] INFO  o.e.m.c.i.p.ProjectConfigurationManager - Imported and configured 1 project(s) in 1 sec
2017-10-13 16:55:08,034 [Worker-37] INFO  o.e.m.c.i.l.LifecycleMappingFactory - Using org.maven.ide.eclipse.wtp.WarLifecycleMapping lifecycle mapping for MavenProject: cn.com.liandisys.pwgz:pwgz:0.0.1-SNAPSHOT @ D:\eclipse\workspace\maven.1507884891652\pwgz\pom.xml.
2017-10-13 16:55:11,058 [Worker-35] INFO  o.e.m.c.i.l.LifecycleMappingFactory - Using org.maven.ide.eclipse.wtp.WarLifecycleMapping lifecycle mapping for MavenProject: cn.com.liandisys.pwgz:pwgz:0.0.1-SNAPSHOT @ D:\eclipse\workspace\maven.1507884891652\pwgz\pom.xml.
2017-10-13 16:57:07,362 [Worker-38] INFO  o.e.m.w.i.f.ResourceFilteringBuildParticipant - Cleaning filtered folder for tgy
2017-10-13 16:57:12,529 [Worker-33] INFO  o.e.m.c.i.embedder.EclipseLogger - Using 'UTF-8' encoding to copy filtered resources.
2017-10-13 16:57:12,530 [Worker-33] INFO  o.e.m.c.i.embedder.EclipseLogger - Copying 9 resources
2017-10-13 16:57:12,569 [Worker-33] INFO  o.e.m.c.i.embedder.EclipseLogger - Using 'UTF-8' encoding to copy filtered resources.
2017-10-13 16:57:12,570 [Worker-33] INFO  o.e.m.c.i.embedder.EclipseLogger - Copying 8 resources
2017-10-13 16:59:01,393 [Worker-34] INFO  o.e.m.c.i.p.ProjectConfigurationManager - Update started
2017-10-13 16:59:01,649 [Worker-34] INFO  o.e.m.c.i.l.LifecycleMappingFactory - Using org.maven.ide.eclipse.wtp.WarLifecycleMapping lifecycle mapping for MavenProject: cn.com.liandisys.tgy:tgy:0.0.1-SNAPSHOT @ D:\eclipse\workspace\tgy\pom.xml.
2017-10-13 16:59:03,549 [Worker-34] INFO  o.e.m.j.i.AbstractJavaProjectConfigurator - Adding source folder /tgy/src/main/java
2017-10-13 16:59:03,550 [Worker-34] INFO  o.e.m.j.i.AbstractJavaProjectConfigurator - Adding resource folder /tgy/src/main/resources
2017-10-13 16:59:03,550 [Worker-34] INFO  o.e.m.j.i.AbstractJavaProjectConfigurator - Adding source folder /tgy/src/test/java
2017-10-13 16:59:03,550 [Worker-34] INFO  o.e.m.j.i.AbstractJavaProjectConfigurator - Adding resource folder /tgy/src/test/resources
2017-10-13 16:59:04,790 [Worker-34] INFO  o.e.m.c.i.l.LifecycleMappingFactory - Using org.maven.ide.eclipse.wtp.WarLifecycleMapping lifecycle mapping for MavenProject: cn.com.liandisys.tgy:tgy:0.0.1-SNAPSHOT @ D:\eclipse\workspace\tgy\pom.xml.
2017-10-13 16:59:06,062 [Worker-34] INFO  o.e.m.w.i.f.ResourceFilteringBuildParticipant - Cleaning filtered folder for tgy
2017-10-13 16:59:06,070 [Worker-34] INFO  o.e.m.c.i.p.ProjectConfigurationManager - Update completed: 4 sec
2017-10-13 16:59:06,530 [Worker-38] INFO  o.e.m.c.i.l.LifecycleMappingFactory - Using org.maven.ide.eclipse.wtp.WarLifecycleMapping lifecycle mapping for MavenProject: cn.com.liandisys.tgy:tgy:0.0.1-SNAPSHOT @ D:\eclipse\workspace\tgy\pom.xml.
2017-10-13 17:00:03,561 [Worker-31] INFO  o.e.m.i.launch.MavenLaunchDelegate - D:\eclipse\workspace\tgy
2017-10-13 17:00:03,562 [Worker-31] INFO  o.e.m.i.launch.MavenLaunchDelegate -  mvn  -B -s C:\Users\shizm\.m2\settings.xml clean eclipse:eclipse jetty:run -Djetty.port=8080
2017-10-13 17:00:57,333 [Worker-32] INFO  o.e.m.c.i.p.ProjectConfigurationManager - Collecting project info '/pom.xml' D:\eclipse\workspace\maven.1507884924965\pom.xml
2017-10-13 17:01:00,383 [Worker-32] INFO  o.e.m.c.i.l.LifecycleMappingFactory - Using org.maven.ide.eclipse.wtp.WarLifecycleMapping lifecycle mapping for MavenProject: cn.com.liandisys.dyzj:dyzj:0.0.1-SNAPSHOT @ D:\eclipse\workspace\dyzj\pom.xml.
2017-10-13 17:01:02,027 [Worker-32] INFO  o.e.m.j.i.AbstractJavaProjectConfigurator - Adding source folder /dyzj/src/main/java
2017-10-13 17:01:02,027 [Worker-32] INFO  o.e.m.j.i.AbstractJavaProjectConfigurator - Adding resource folder /dyzj/src/main/resources
2017-10-13 17:01:02,043 [Worker-32] INFO  o.e.m.j.i.AbstractJavaProjectConfigurator - Adding source folder /dyzj/src/test/java
2017-10-13 17:01:02,043 [Worker-32] INFO  o.e.m.j.i.AbstractJavaProjectConfigurator - Adding resource folder /dyzj/src/test/resources
2017-10-13 17:01:02,353 [Worker-41] INFO  o.e.m.c.i.l.LifecycleMappingFactory - Using org.maven.ide.eclipse.wtp.WarLifecycleMapping lifecycle mapping for MavenProject: cn.com.liandisys.dyzj:dyzj:0.0.1-SNAPSHOT @ D:\eclipse\workspace\dyzj\pom.xml.
2017-10-13 17:01:03,345 [Worker-32] INFO  o.e.m.c.i.p.ProjectConfigurationManager - Imported and configured 1 project(s) in 6 sec
2017-10-13 17:01:07,488 [Worker-33] INFO  o.e.m.c.i.l.LifecycleMappingFactory - Using org.maven.ide.eclipse.wtp.WarLifecycleMapping lifecycle mapping for MavenProject: cn.com.liandisys.dyzj:dyzj:0.0.1-SNAPSHOT @ D:\eclipse\workspace\dyzj\pom.xml.
2017-10-13 17:02:16,508 [Worker-26] INFO  o.e.m.w.i.f.ResourceFilteringBuildParticipant - Cleaning filtered folder for dyzj
2017-10-13 17:02:16,898 [Worker-26] INFO  o.e.m.w.i.f.ResourceFilteringBuildParticipant - Cleaning filtered folder for exam
2017-10-13 17:02:16,912 [Worker-26] INFO  o.e.m.w.i.f.ResourceFilteringBuildParticipant - Cleaning filtered folder for gct
2017-10-13 17:02:17,373 [Worker-26] INFO  o.e.m.w.i.f.ResourceFilteringBuildParticipant - Cleaning filtered folder for pwgz
2017-10-13 17:02:17,922 [Worker-26] INFO  o.e.m.w.i.f.ResourceFilteringBuildParticipant - Cleaning filtered folder for tgy
2017-10-13 17:02:18,378 [Worker-26] INFO  o.e.m.w.i.f.ResourceFilteringBuildParticipant - Cleaning filtered folder for zhpt
2017-10-13 17:02:45,078 [Worker-30] INFO  o.e.m.c.i.embedder.EclipseLogger - Using 'UTF-8' encoding to copy filtered resources.
2017-10-13 17:02:45,079 [Worker-30] INFO  o.e.m.c.i.embedder.EclipseLogger - Copying 7 resources
2017-10-13 17:02:45,108 [Worker-30] INFO  o.e.m.c.i.embedder.EclipseLogger - Using 'UTF-8' encoding to copy filtered resources.
2017-10-13 17:02:45,109 [Worker-30] INFO  o.e.m.c.i.embedder.EclipseLogger - Copying 3 resources
2017-10-13 17:04:40,755 [Worker-4] INFO  o.e.m.c.i.l.LifecycleMappingFactory - Using org.maven.ide.eclipse.wtp.WarLifecycleMapping lifecycle mapping for MavenProject: cn.com.liandisys.tgy:tgy:0.0.1-SNAPSHOT @ D:\eclipse\workspace\tgy\pom.xml.
2017-10-13 17:04:43,180 [Worker-4] INFO  o.e.m.w.i.f.ResourceFilteringBuildParticipant - Cleaning filtered folder for tgy
2017-10-13 17:04:48,432 [Worker-8] INFO  o.e.m.c.i.embedder.EclipseLogger - Using 'UTF-8' encoding to copy filtered resources.
2017-10-13 17:04:48,436 [Worker-8] INFO  o.e.m.c.i.embedder.EclipseLogger - Copying 9 resources
2017-10-13 17:04:48,444 [Worker-8] INFO  o.e.m.c.i.embedder.EclipseLogger - Using 'UTF-8' encoding to copy filtered resources.
2017-10-13 17:04:48,445 [Worker-8] INFO  o.e.m.c.i.embedder.EclipseLogger - Copying 8 resources
2017-10-13 17:04:56,067 [Worker-8] INFO  o.e.m.c.i.l.LifecycleMappingFactory - Using org.maven.ide.eclipse.wtp.WarLifecycleMapping lifecycle mapping for MavenProject: cn.com.liandisys.tgy:tgy:0.0.1-SNAPSHOT @ D:\eclipse\workspace\tgy\pom.xml.
2017-10-13 17:05:29,455 [Worker-7] INFO  o.e.m.c.i.embedder.EclipseLogger - Using 'UTF-8' encoding to copy filtered resources.
2017-10-13 17:05:29,456 [Worker-7] INFO  o.e.m.c.i.embedder.EclipseLogger - Copying 9 resources
2017-10-13 17:05:29,459 [Worker-7] INFO  o.e.m.c.i.embedder.EclipseLogger - Copying 6 resources
2017-10-13 17:05:29,518 [Worker-7] INFO  o.e.m.c.i.embedder.EclipseLogger - Using 'UTF-8' encoding to copy filtered resources.
2017-10-13 17:05:29,518 [Worker-7] INFO  o.e.m.c.i.embedder.EclipseLogger - Copying 0 resource
2017-10-13 17:06:39,315 [Worker-9] INFO  o.e.m.c.i.l.LifecycleMappingFactory - Using org.maven.ide.eclipse.wtp.WarLifecycleMapping lifecycle mapping for MavenProject: cn.com.liandisys.gct:gct:0.0.1-SNAPSHOT @ D:\eclipse\workspace\gct\pom.xml.
2017-10-13 17:06:53,200 [Worker-7] INFO  o.e.m.c.i.p.ProjectConfigurationManager - Update started
2017-10-13 17:06:53,500 [Worker-7] INFO  o.e.m.c.i.l.LifecycleMappingFactory - Using org.maven.ide.eclipse.wtp.WarLifecycleMapping lifecycle mapping for MavenProject: cn.com.liandisys:exam:0.0.1-SNAPSHOT @ D:\eclipse\workspace\exam\pom.xml.
2017-10-13 17:06:54,682 [Worker-7] INFO  o.e.m.j.i.AbstractJavaProjectConfigurator - Adding source folder /exam/src/main/java
2017-10-13 17:06:54,683 [Worker-7] INFO  o.e.m.j.i.AbstractJavaProjectConfigurator - Resources folder /exam/src/main/resources overlaps with sources folder /exam/src/main/resources
2017-10-13 17:06:54,683 [Worker-7] INFO  o.e.m.j.i.AbstractJavaProjectConfigurator - Resources folder /exam/src/main/java overlaps with sources folder /exam/src/main/java
2017-10-13 17:06:54,685 [Worker-7] INFO  o.e.m.j.i.AbstractJavaProjectConfigurator - Adding source folder /exam/src/test/java
2017-10-13 17:06:54,685 [Worker-7] INFO  o.e.m.j.i.AbstractJavaProjectConfigurator - Resources folder /exam/src/test/resources overlaps with sources folder /exam/src/test/resources
2017-10-13 17:06:56,100 [Worker-7] INFO  o.e.m.c.i.l.LifecycleMappingFactory - Using org.maven.ide.eclipse.wtp.WarLifecycleMapping lifecycle mapping for MavenProject: cn.com.liandisys:exam:0.0.1-SNAPSHOT @ D:\eclipse\workspace\exam\pom.xml.
2017-10-13 17:06:57,035 [Worker-7] INFO  o.e.m.w.i.f.ResourceFilteringBuildParticipant - Cleaning filtered folder for exam
2017-10-13 17:06:57,049 [Worker-7] INFO  o.e.m.c.i.p.ProjectConfigurationManager - Update completed: 3 sec
2017-10-13 17:06:57,806 [Worker-2] INFO  o.e.m.c.i.l.LifecycleMappingFactory - Using org.maven.ide.eclipse.wtp.WarLifecycleMapping lifecycle mapping for MavenProject: cn.com.liandisys:exam:0.0.1-SNAPSHOT @ D:\eclipse\workspace\exam\pom.xml.
2017-10-13 17:08:49,727 [Worker-5] INFO  o.e.m.i.launch.MavenLaunchDelegate - D:\eclipse\workspace\tgy
2017-10-13 17:08:49,727 [Worker-5] INFO  o.e.m.i.launch.MavenLaunchDelegate -  mvn  -B -s C:\Users\shizm\.m2\settings.xml clean eclipse:eclipse jetty:run -Djetty.port=8080
2017-10-13 17:09:46,199 [Worker-14] INFO  o.e.m.w.i.f.ResourceFilteringBuildParticipant - Cleaning filtered folder for tgy
2017-10-13 17:09:50,451 [Worker-15] INFO  o.e.m.c.i.embedder.EclipseLogger - Using 'UTF-8' encoding to copy filtered resources.
2017-10-13 17:09:50,452 [Worker-15] INFO  o.e.m.c.i.embedder.EclipseLogger - Copying 9 resources
2017-10-13 17:09:50,454 [Worker-15] INFO  o.e.m.c.i.embedder.EclipseLogger - Using 'UTF-8' encoding to copy filtered resources.
2017-10-13 17:09:50,455 [Worker-15] INFO  o.e.m.c.i.embedder.EclipseLogger - Copying 8 resources
2017-10-13 17:11:48,933 [Worker-11] INFO  o.e.m.i.launch.MavenLaunchDelegate - D:\eclipse\workspace\tgy
2017-10-13 17:11:48,933 [Worker-11] INFO  o.e.m.i.launch.MavenLaunchDelegate -  mvn  -B -s C:\Users\shizm\.m2\settings.xml clean eclipse:eclipse jetty:run -Djetty.port=8080
2017-10-13 17:14:38,681 [Worker-26] INFO  o.e.m.w.i.f.ResourceFilteringBuildParticipant - Cleaning filtered folder for tgy
2017-10-13 17:14:42,748 [Worker-24] INFO  o.e.m.c.i.embedder.EclipseLogger - Using 'UTF-8' encoding to copy filtered resources.
2017-10-13 17:14:42,748 [Worker-24] INFO  o.e.m.c.i.embedder.EclipseLogger - Copying 9 resources
2017-10-13 17:14:42,750 [Worker-24] INFO  o.e.m.c.i.embedder.EclipseLogger - Using 'UTF-8' encoding to copy filtered resources.
2017-10-13 17:14:42,750 [Worker-24] INFO  o.e.m.c.i.embedder.EclipseLogger - Copying 8 resources
2017-10-13 17:14:49,295 [Worker-21] INFO  o.e.m.i.launch.MavenLaunchDelegate - D:\eclipse\workspace\tgy
2017-10-13 17:14:49,295 [Worker-21] INFO  o.e.m.i.launch.MavenLaunchDelegate -  mvn  -B -s C:\Users\shizm\.m2\settings.xml clean eclipse:eclipse jetty:run -Djetty.port=8080
2017-10-13 17:16:02,002 [Worker-21] INFO  o.e.m.i.launch.MavenLaunchDelegate - D:\eclipse\workspace\exam
2017-10-13 17:16:02,002 [Worker-21] INFO  o.e.m.i.launch.MavenLaunchDelegate -  mvn  -B -s C:\Users\shizm\.m2\settings.xml clean eclipse:eclipse jetty:run -Djetty.port=8080
